<?xml version="1.0" encoding="UTF-8"?>
<!-- Generated by org.testng.reporters.JUnitXMLReporter -->
<testsuite hostname="LAPTOP-62TB55UM" ignored="0" name="Validating Navigation Bar" tests="1" failures="0" timestamp="2021-08-16T11:18:04 IST" time="2.378" errors="0">
  <testcase name="@BeforeTest initialize" time="2.326" classname="Academy.ValidateNavigationBar">
    <failure type="org.openqa.selenium.SessionNotCreatedException" message="session not created: This version of ChromeDriver only supports Chrome version 90
Current browser version is 92.0.4515.131 with binary path C:\Program Files\Google\Chrome\Application\chrome.exe
Build info: version: &amp;apos;3.141.59&amp;apos;, revision: &amp;apos;e82be7d358&amp;apos;, time: &amp;apos;2018-11-14T08:25:48&amp;apos;
System info: host: &amp;apos;LAPTOP-62TB55UM&amp;apos;, ip: &amp;apos;192.168.0.11&amp;apos;, os.name: &amp;apos;Windows 10&amp;apos;, os.arch: &amp;apos;amd64&amp;apos;, os.version: &amp;apos;10.0&amp;apos;, java.version: &amp;apos;1.8.0_281&amp;apos;
Driver info: driver.version: ChromeDriver
remote stacktrace: Backtrace:
	Ordinal0 [0x0075C013+2474003]
	Ordinal0 [0x006F29C1+2042305]
	Ordinal0 [0x00602F68+1060712]
	Ordinal0 [0x0062188E+1185934]
	Ordinal0 [0x0061D600+1168896]
	Ordinal0 [0x0061AA83+1157763]
	Ordinal0 [0x0064A2A2+1352354]
	Ordinal0 [0x00648FAA+1347498]
	Ordinal0 [0x006466DB+1337051]
	Ordinal0 [0x00623427+1192999]
	Ordinal0 [0x006242EE+1196782]
	Ordinal0 [0x00624279+1196665]
	GetHandleVerifier [0x008E96FC+1590332]
	GetHandleVerifier [0x00998614+2306900]
	GetHandleVerifier [0x007E9E93+543699]
	GetHandleVerifier [0x007E92CE+540686]
	Ordinal0 [0x006F86BA+2066106]
	Ordinal0 [0x006FD1C8+2085320]
	Ordinal0 [0x006FD308+2085640]
	Ordinal0 [0x007067F3+2123763]
	BaseThreadInitThunk [0x7596FA29+25]
	RtlGetAppContainerNamedObjectPath [0x778E7A7E+286]
	RtlGetAppContainerNamedObjectPath [0x778E7A4E+238]
">
      <![CDATA[org.openqa.selenium.SessionNotCreatedException: session not created: This version of ChromeDriver only supports Chrome version 90
Current browser version is 92.0.4515.131 with binary path C:\Program Files\Google\Chrome\Application\chrome.exe
Build info: version: '3.141.59', revision: 'e82be7d358', time: '2018-11-14T08:25:48'
System info: host: 'LAPTOP-62TB55UM', ip: '192.168.0.11', os.name: 'Windows 10', os.arch: 'amd64', os.version: '10.0', java.version: '1.8.0_281'
Driver info: driver.version: ChromeDriver
remote stacktrace: Backtrace:
Ordinal0 [0x0075C013+2474003]
Ordinal0 [0x006F29C1+2042305]
Ordinal0 [0x00602F68+1060712]
Ordinal0 [0x0062188E+1185934]
Ordinal0 [0x0061D600+1168896]
Ordinal0 [0x0061AA83+1157763]
Ordinal0 [0x0064A2A2+1352354]
Ordinal0 [0x00648FAA+1347498]
Ordinal0 [0x006466DB+1337051]
Ordinal0 [0x00623427+1192999]
Ordinal0 [0x006242EE+1196782]
Ordinal0 [0x00624279+1196665]
GetHandleVerifier [0x008E96FC+1590332]
GetHandleVerifier [0x00998614+2306900]
GetHandleVerifier [0x007E9E93+543699]
GetHandleVerifier [0x007E92CE+540686]
Ordinal0 [0x006F86BA+2066106]
Ordinal0 [0x006FD1C8+2085320]
Ordinal0 [0x006FD308+2085640]
Ordinal0 [0x007067F3+2123763]
BaseThreadInitThunk [0x7596FA29+25]
RtlGetAppContainerNamedObjectPath [0x778E7A7E+286]
RtlGetAppContainerNamedObjectPath [0x778E7A4E+238]

at org.openqa.selenium.remote.W3CHandshakeResponse.lambda$errorHandler$0(W3CHandshakeResponse.java:62)
at org.openqa.selenium.remote.HandshakeResponse.lambda$getResponseFunction$0(HandshakeResponse.java:30)
at org.openqa.selenium.remote.ProtocolHandshake.lambda$createSession$0(ProtocolHandshake.java:126)
at java.util.stream.ReferencePipeline$3$1.accept(ReferencePipeline.java:193)
at java.util.Spliterators$ArraySpliterator.tryAdvance(Spliterators.java:958)
at java.util.stream.ReferencePipeline.forEachWithCancel(ReferencePipeline.java:126)
at java.util.stream.AbstractPipeline.copyIntoWithCancel(AbstractPipeline.java:499)
at java.util.stream.AbstractPipeline.copyInto(AbstractPipeline.java:486)
at java.util.stream.AbstractPipeline.wrapAndCopyInto(AbstractPipeline.java:472)
at java.util.stream.FindOps$FindOp.evaluateSequential(FindOps.java:152)
at java.util.stream.AbstractPipeline.evaluate(AbstractPipeline.java:234)
at java.util.stream.ReferencePipeline.findFirst(ReferencePipeline.java:464)
at org.openqa.selenium.remote.ProtocolHandshake.createSession(ProtocolHandshake.java:128)
at org.openqa.selenium.remote.ProtocolHandshake.createSession(ProtocolHandshake.java:74)
at org.openqa.selenium.remote.HttpCommandExecutor.execute(HttpCommandExecutor.java:136)
at org.openqa.selenium.remote.service.DriverCommandExecutor.execute(DriverCommandExecutor.java:83)
at org.openqa.selenium.remote.RemoteWebDriver.execute(RemoteWebDriver.java:552)
at org.openqa.selenium.remote.RemoteWebDriver.startSession(RemoteWebDriver.java:213)
at org.openqa.selenium.remote.RemoteWebDriver.<init>(RemoteWebDriver.java:131)
at org.openqa.selenium.chrome.ChromeDriver.<init>(ChromeDriver.java:181)
at org.openqa.selenium.chrome.ChromeDriver.<init>(ChromeDriver.java:168)
at org.openqa.selenium.chrome.ChromeDriver.<init>(ChromeDriver.java:123)
at resources.Base.initializeDriver(Base.java:40)
at Academy.ValidateNavigationBar.initialize(ValidateNavigationBar.java:24)
at java.util.concurrent.FutureTask.run(FutureTask.java:266)
at java.util.concurrent.ThreadPoolExecutor.runWorker(ThreadPoolExecutor.java:1149)
at java.util.concurrent.ThreadPoolExecutor$Worker.run(ThreadPoolExecutor.java:624)
at java.lang.Thread.run(Thread.java:748)
... Removed 19 stack frames]]>
    </failure>
  </testcase> <!-- @BeforeTest initialize -->
  <testcase name="@AfterTest teardown" time="-1.629092884128E9" classname="Academy.ValidateNavigationBar">
    <skipped/>
  </testcase> <!-- @AfterTest teardown -->
  <testcase name="validateAppNavBar" time="0.0" classname="Academy.ValidateNavigationBar">
    <skipped/>
  </testcase> <!-- validateAppNavBar -->
</testsuite> <!-- Validating Navigation Bar -->
